TN:
SF:src\config\postgresConfig.ts
FNF:0
FNH:0
DA:1,1
DA:2,1
DA:4,1
LF:3
LH:3
BRF:0
BRH:0
end_of_record
TN:
SF:src\constants\userConstant.ts
FN:1,(anonymous_0)
FNF:1
FNH:1
FNDA:1,(anonymous_0)
DA:1,1
DA:2,1
DA:3,1
DA:4,1
LF:4
LH:4
BRDA:1,0,0,1
BRDA:1,0,1,1
BRF:2
BRH:2
end_of_record
TN:
SF:src\repository\curdOperation.ts
FN:8,(anonymous_7)
FN:15,(anonymous_9)
FN:22,(anonymous_11)
FN:28,(anonymous_13)
FN:34,(anonymous_15)
FNF:5
FNH:0
FNDA:0,(anonymous_7)
FNDA:0,(anonymous_9)
FNDA:0,(anonymous_11)
FNDA:0,(anonymous_13)
FNDA:0,(anonymous_15)
DA:2,1
DA:3,1
DA:4,1
DA:5,1
DA:9,0
DA:10,0
DA:11,0
DA:12,0
DA:16,0
DA:17,0
DA:18,0
DA:19,0
DA:20,0
DA:23,0
DA:24,0
DA:25,0
DA:26,0
DA:29,0
DA:30,0
DA:31,0
DA:32,0
DA:35,0
DA:36,0
DA:37,0
DA:38,0
DA:42,1
LF:26
LH:5
BRDA:11,0,0,0
BRDA:19,1,0,0
BRDA:25,2,0,0
BRDA:31,3,0,0
BRDA:37,4,0,0
BRF:5
BRH:0
end_of_record
TN:
SF:src\repository\dbServer.ts
FN:5,(anonymous_1)
FNF:1
FNH:1
FNDA:1,(anonymous_1)
DA:1,1
DA:2,1
DA:5,1
DA:6,1
LF:4
LH:4
BRF:0
BRH:0
end_of_record
TN:
SF:src\repository\query.ts
FN:4,(anonymous_7)
FN:8,(anonymous_9)
FN:11,(anonymous_11)
FN:14,(anonymous_13)
FN:17,(anonymous_15)
FNF:5
FNH:0
FNDA:0,(anonymous_7)
FNDA:0,(anonymous_9)
FNDA:0,(anonymous_11)
FNDA:0,(anonymous_13)
FNDA:0,(anonymous_15)
DA:5,0
DA:9,0
DA:12,0
DA:15,0
DA:18,0
DA:22,1
LF:6
LH:1
BRF:0
BRH:0
end_of_record
TN:
SF:src\services\curdOperation.ts
FN:5,(anonymous_7)
FN:8,(anonymous_9)
FN:11,(anonymous_11)
FN:14,(anonymous_13)
FN:17,(anonymous_15)
FNF:5
FNH:5
FNDA:1,(anonymous_7)
FNDA:1,(anonymous_9)
FNDA:1,(anonymous_11)
FNDA:1,(anonymous_13)
FNDA:1,(anonymous_15)
DA:2,1
DA:6,1
DA:9,1
DA:12,1
DA:15,1
DA:18,1
DA:22,1
LF:7
LH:7
BRF:0
BRH:0
end_of_record
